<?xml version="1.0" encoding="UTF-8"?>
<!-- Generated by org.testng.reporters.JUnitReportReporter -->
<testsuite hostname="DESKTOP-V8TS46C" failures="0" tests="2" name="day36.TestAnnotation1" time="0.022" errors="0" timestamp="3 Aug 2022 07:55:27 GMT">
  <testcase classname="day36.TestAnnotation1" name="search" time="0.006"/>
  <testcase classname="day36.TestAnnotation1" name="advanceSearch" time="0.016"/>
</testsuite> <!-- day36.TestAnnotation1 -->
