<?xml version="1.0" encoding="UTF-8"?>
<!-- Generated by org.testng.reporters.JUnitReportReporter -->
<testsuite hostname="DESKTOP-V8TS46C" failures="0" tests="2" name="day37.GroupingDemo" time="0.018" errors="0" timestamp="3 Aug 2022 11:28:02 GMT">
  <testcase classname="day37.GroupingDemo" name="loginBytwitter" time="0.001"/>
  <testcase classname="day37.GroupingDemo" name="loginByfacebook" time="0.017"/>
</testsuite> <!-- day37.GroupingDemo -->
