<?xml version="1.0" encoding="UTF-8"?>
<!-- Generated by org.testng.reporters.JUnitReportReporter -->
<testsuite hostname="DESKTOP-V8TS46C" failures="0" tests="3" name="day35.FirstTestCase" time="0.043" errors="0" timestamp="5 Aug 2022 04:54:17 GMT">
  <testcase classname="day35.FirstTestCase" name="loginApp" time="0.014"/>
  <testcase classname="day35.FirstTestCase" name="logoutApp" time="0.008"/>
  <testcase classname="day35.FirstTestCase" name="openingApp" time="0.021"/>
</testsuite> <!-- day35.FirstTestCase -->
