<?xml version="1.0" encoding="UTF-8"?>
<!-- Generated by org.testng.reporters.JUnitReportReporter -->
<testsuite hostname="DESKTOP-V8TS46C" failures="0" tests="4" name="day35.FirstTestCase" time="0.021" errors="0" timestamp="2 Aug 2022 14:59:16 GMT">
  <testcase classname="day35.FirstTestCase" name="logoutApp" time="0.005"/>
  <testcase classname="day35.FirstTestCase" name="openingApp" time="0.000"/>
  <testcase classname="day35.FirstTestCase" name="loginApp" time="0.003"/>
  <testcase classname="day35.FirstTestCase" name="closeApp" time="0.013"/>
</testsuite> <!-- day35.FirstTestCase -->
