<?xml version="1.0" encoding="UTF-8"?>
<!-- Generated by org.testng.reporters.JUnitReportReporter -->
<testsuite hostname="DESKTOP-V8TS46C" failures="0" tests="2" name="day36.TestAnnotation2" time="0.011" errors="0" timestamp="3 Aug 2022 07:59:38 GMT">
  <testcase classname="day36.TestAnnotation2" name="advanceSearch" time="0.002"/>
  <testcase classname="day36.TestAnnotation2" name="search" time="0.009"/>
</testsuite> <!-- day36.TestAnnotation2 -->
