<?xml version="1.0" encoding="UTF-8"?>
<!-- Generated by org.testng.reporters.JUnitReportReporter -->
<testsuite hostname="DESKTOP-V8TS46C" failures="0" tests="2" name="day36.AllAnnotations" time="0.015" errors="0" timestamp="3 Aug 2022 08:49:15 GMT">
  <testcase classname="day36.AllAnnotations" name="tm2" time="0.005"/>
  <testcase classname="day36.AllAnnotations" name="tm1" time="0.010"/>
</testsuite> <!-- day36.AllAnnotations -->
