<?xml version="1.0" encoding="UTF-8"?>
<!-- Generated by org.testng.reporters.JUnitReportReporter -->
<testsuite hostname="DESKTOP-V8TS46C" failures="0" tests="2" name="day36.pack.DBTest2" time="0.006" errors="0" timestamp="3 Aug 2022 08:54:30 GMT">
  <testcase classname="day36.pack.DBTest2" name="select" time="0.002"/>
  <testcase classname="day36.pack.DBTest2" name="delete" time="0.004"/>
</testsuite> <!-- day36.pack.DBTest2 -->
