<?xml version="1.0" encoding="UTF-8"?>
<!-- Generated by org.testng.reporters.JUnitReportReporter -->
<testsuite hostname="DESKTOP-V8TS46C" failures="0" tests="6" name="day38.ParamTest" time="1.306" errors="0" timestamp="3 Aug 2022 19:20:11 GMT">
  <testcase classname="day38.ParamTest" name="testTitle" time="0.037"/>
  <testcase classname="day38.ParamTest" name="testTitle" time="0.115"/>
  <testcase classname="day38.ParamTest" name="testLogo" time="0.446"/>
  <testcase classname="day38.ParamTest" name="testLogo" time="0.464"/>
  <testcase classname="day38.ParamTest" name="testTitle" time="0.093"/>
  <testcase classname="day38.ParamTest" name="testLogo" time="0.151"/>
</testsuite> <!-- day38.ParamTest -->
