<?xml version="1.0" encoding="UTF-8"?>
<!-- Generated by org.testng.reporters.JUnitReportReporter -->
<testsuite hostname="DESKTOP-V8TS46C" failures="0" tests="2" name="day36.pack.DBTest1" time="0.017" errors="0" timestamp="3 Aug 2022 08:54:30 GMT">
  <testcase classname="day36.pack.DBTest1" name="insert" time="0.007"/>
  <testcase classname="day36.pack.DBTest1" name="update" time="0.010"/>
</testsuite> <!-- day36.pack.DBTest1 -->
