<?xml version="1.0" encoding="UTF-8"?>
<!-- Generated by org.testng.reporters.JUnitReportReporter -->
<testsuite hostname="DESKTOP-V8TS46C" failures="0" tests="3" name="day35.ThirdPractiseTestCase" time="0.026" errors="0" timestamp="2023-08-16T22:00:55 IST" skipped="0">
  <testcase classname="day35.ThirdPractiseTestCase" name="Z" time="0.002"/>
  <system-out/>
  <testcase classname="day35.ThirdPractiseTestCase" name="A" time="0.017"/>
  <system-out/>
  <testcase classname="day35.ThirdPractiseTestCase" name="a" time="0.007"/>
  <system-out/>
</testsuite> <!-- day35.ThirdPractiseTestCase -->
