<?xml version="1.0" encoding="UTF-8"?>
<!-- Generated by org.testng.reporters.JUnitReportReporter -->
<testsuite hostname="DESKTOP-V8TS46C" failures="0" tests="3" name="day35.SecondTestCase" time="21.696" errors="0" timestamp="2023-08-16T22:25:47 IST" skipped="0">
  <testcase classname="day35.SecondTestCase" name="openApp" time="12.935"/>
  <system-out/>
  <testcase classname="day35.SecondTestCase" name="login" time="8.322"/>
  <system-out/>
  <testcase classname="day35.SecondTestCase" name="closeApp" time="0.439"/>
  <system-out/>
</testsuite> <!-- day35.SecondTestCase -->
