<?xml version="1.0" encoding="UTF-8"?>
<!-- Generated by org.testng.reporters.JUnitReportReporter -->
<testsuite hostname="DESKTOP-V8TS46C" failures="0" tests="1" name="day41.BrokenLinkDemo" time="39.230" errors="0" timestamp="2023-08-19T22:59:47 IST" skipped="0">
  <testcase classname="day41.BrokenLinkDemo" name="brokenLinkTest" time="39.230"/>
  <system-out/>
</testsuite> <!-- day41.BrokenLinkDemo -->
